#
# A fatal error has been detected by the Java Runtime Environment:
#
#  Internal Error (javaClasses.cpp:129), pid=4840, tid=4312
#  fatal error: Invalid layout of preloaded class
#
# JRE version: 7.0_21-b11
# Java VM: Java HotSpot(TM) Client VM (23.21-b01 mixed mode windows-x86 )
# Failed to write core dump. Minidumps are not enabled by default on client versions of Windows
#
# If you would like to submit a bug report, please visit:
#   http://bugreport.sun.com/bugreport/crash.jsp
#

---------------  T H R E A D  ---------------

Current thread (0x0071a800):  JavaThread "Unknown thread" [_thread_in_vm, id=4312, stack(0x006c0000,0x00710000)]

Stack: [0x006c0000,0x00710000],  sp=0x0070f7cc,  free space=317k
Native frames: (J=compiled Java code, j=interpreted, Vv=VM code, C=native code)
V  [jvm.dll+0x170511]
V  [jvm.dll+0x16a6b6]
V  [jvm.dll+0x2082f]
V  [jvm.dll+0x208b6]
V  [jvm.dll+0x2e5dd]
V  [jvm.dll+0x2e889]
V  [jvm.dll+0x77bd1]
V  [jvm.dll+0x77f8b]
V  [jvm.dll+0x12a1b1]
V  [jvm.dll+0x14ac6a]
V  [jvm.dll+0xa9eef]
C  [javaw.exe+0x13ca]
C  [javaw.exe+0x1e3c]
C  [javaw.exe+0xa5b1]
C  [javaw.exe+0xa63b]
C  [KERNEL32.DLL+0x2850d]  BaseThreadInitThunk+0xe
C  [ntdll.dll+0x5bf39]  RtlInitializeExceptionChain+0x85
C  [ntdll.dll+0x5bf0c]  RtlInitializeExceptionChain+0x58


---------------  P R O C E S S  ---------------

Java Threads: ( => current thread )

Other Threads:

=>0x0071a800 (exited) JavaThread "Unknown thread" [_thread_in_vm, id=4312, stack(0x006c0000,0x00710000)]

VM state:not at safepoint (not fully initialized)

VM Mutex/Monitor currently owned by a thread: None

GC Heap History (0 events):
No events

Deoptimization events (0 events):
No events

Internal exceptions (0 events):
No events

Events (10 events):
Event: 0.012 loading class 0x00904110 done
Event: 0.012 loading class 0x008e55d0 done
Event: 0.012 loading class 0x008e55f8
Event: 0.013 loading class 0x00906978
Event: 0.013 loading class 0x00906978 done
Event: 0.013 loading class 0x009069b0
Event: 0.013 loading class 0x009069b0 done
Event: 0.013 loading class 0x0094f218
Event: 0.013 loading class 0x0094f218 done
Event: 0.013 loading class 0x008e55f8 done


Dynamic libraries:
0x01140000 - 0x0116f000 	D:\Program Files (x86)\Java\jdk1.7.0_21\bin\javaw.exe
0x77ac0000 - 0x77c17000 	C:\Windows\SYSTEM32\ntdll.dll
0x75330000 - 0x75460000 	C:\Windows\SYSTEM32\KERNEL32.DLL
0x774c0000 - 0x77566000 	C:\Windows\SYSTEM32\KERNELBASE.dll
0x77360000 - 0x7740e000 	C:\Windows\SYSTEM32\ADVAPI32.dll
0x756f0000 - 0x75806000 	C:\Windows\SYSTEM32\USER32.dll
0x734b0000 - 0x736a8000 	C:\Windows\WinSxS\x86_microsoft.windows.common-controls_6595b64144ccf1df_6.0.9200.16579_none_8937eec6860750f5\COMCTL32.dll
0x758c0000 - 0x75971000 	C:\Windows\SYSTEM32\msvcrt.dll
0x75240000 - 0x75274000 	C:\Windows\SYSTEM32\sechost.dll
0x75280000 - 0x7532c000 	C:\Windows\SYSTEM32\RPCRT4.dll
0x75980000 - 0x75a7d000 	C:\Windows\SYSTEM32\GDI32.dll
0x750f0000 - 0x7510c000 	C:\Windows\SYSTEM32\SspiCli.dll
0x750e0000 - 0x750e9000 	C:\Windows\SYSTEM32\CRYPTBASE.dll
0x75080000 - 0x750d1000 	C:\Windows\SYSTEM32\bcryptPrimitives.dll
0x774a0000 - 0x774c0000 	C:\Windows\system32\IMM32.DLL
0x760a0000 - 0x7617d000 	C:\Windows\SYSTEM32\MSCTF.dll
0x69f30000 - 0x69fee000 	D:\Program Files (x86)\Java\jdk1.7.0_21\jre\bin\msvcr100.dll
0x674a0000 - 0x677ef000 	D:\Program Files (x86)\Java\jdk1.7.0_21\jre\bin\client\jvm.dll
0x73e40000 - 0x73e48000 	C:\Windows\SYSTEM32\WSOCK32.dll
0x73e10000 - 0x73e31000 	C:\Windows\SYSTEM32\WINMM.dll
0x778a0000 - 0x778a6000 	C:\Windows\SYSTEM32\PSAPI.DLL
0x77850000 - 0x778a0000 	C:\Windows\SYSTEM32\WS2_32.dll
0x73d20000 - 0x73d4b000 	C:\Windows\SYSTEM32\WINMMBASE.dll
0x779f0000 - 0x779f8000 	C:\Windows\SYSTEM32\NSI.dll
0x77590000 - 0x775d6000 	C:\Windows\SYSTEM32\cfgmgr32.dll
0x77570000 - 0x7758e000 	C:\Windows\SYSTEM32\DEVOBJ.dll
0x71d10000 - 0x71d1c000 	D:\Program Files (x86)\Java\jdk1.7.0_21\jre\bin\verify.dll
0x705a0000 - 0x705c0000 	D:\Program Files (x86)\Java\jdk1.7.0_21\jre\bin\java.dll
0x70580000 - 0x70593000 	D:\Program Files (x86)\Java\jdk1.7.0_21\jre\bin\zip.dll
0x74ab0000 - 0x74bd9000 	C:\Windows\SYSTEM32\dbghelp.dll

VM Arguments:
jvm_args: -Dfile.encoding=GBK -Xbootclasspath:D:\AndroidSDK\platforms\android-16\android.jar 
java_command: com.excel.test.ExcelTest
Launcher Type: SUN_STANDARD

Environment Variables:
PATH=D:/Program Files (x86)/Java/jdk1.7.0_21/bin/../jre/bin/client;D:/Program Files (x86)/Java/jdk1.7.0_21/bin/../jre/bin;D:/Program Files (x86)/Java/jdk1.7.0_21/bin/../jre/lib/i386;D:\Program Files (x86)\Java\jdk1.7.0_21\bin;C:\Windows\system32;C:\Windows;C:\Windows\System32\Wbem;C:\Windows\System32\WindowsPowerShell\v1.0\;D:\Tomcat 7.0\bin;D:\Tomcat 7.0\lib;D:\Program Files (x86)\TortoiseGit\bin;D:\Program Files\MySQL\MySQL Server 5.6\bin;D:\eclipse;
USERNAME=ZYJ
OS=Windows_NT
PROCESSOR_IDENTIFIER=Intel64 Family 6 Model 37 Stepping 2, GenuineIntel



---------------  S Y S T E M  ---------------

OS: Windows 8 , 64 bit Build 9200 

CPU:total 4 (2 cores per cpu, 2 threads per core) family 6 model 37 stepping 2, cmov, cx8, fxsr, mmx, sse, sse2, sse3, ssse3, sse4.1, sse4.2, popcnt, ht, tsc, tscinvbit

Memory: 4k page, physical 2019888k(398984k free), swap 5034544k(2536836k free)

vm_info: Java HotSpot(TM) Client VM (23.21-b01) for windows-x86 JRE (1.7.0_21-b11), built on Apr  4 2013 04:43:10 by "java_re" with unknown MS VC++:1600

time: Thu Sep 12 15:57:38 2013
elapsed time: 0 seconds

